#
# There is insufficient memory for the Java Runtime Environment to continue.
# Native memory allocation (mmap) failed to map 266338304 bytes. Error detail: G1 virtual space
# Possible reasons:
#   The system is out of physical RAM or swap space
#   This process is running with CompressedOops enabled, and the Java Heap may be blocking the growth of the native heap
# Possible solutions:
#   Reduce memory load on the system
#   Increase physical memory or swap space
#   Check if swap backing store is full
#   Decrease Java heap size (-Xmx/-Xms)
#   Decrease number of Java threads
#   Decrease Java thread stack sizes (-Xss)
#   Set larger code cache with -XX:ReservedCodeCacheSize=
#   JVM is running with Zero Based Compressed Oops mode in which the Java heap is
#     placed in the first 32GB address space. The Java Heap base address is the
#     maximum limit for the native heap growth. Please use -XX:HeapBaseMinAddress
#     to set the Java Heap base and to place the Java Heap above 32GB virtual address.
# This output file may be truncated or incomplete.
#
#  Out of Memory Error (os_windows.cpp:3828), pid=12348, tid=13640
#
# JRE version:  (21.0.4) (build )
# Java VM: OpenJDK 64-Bit Server VM (21.0.4+-12508038-b607.1, mixed mode, sharing, tiered, compressed oops, compressed class ptrs, g1 gc, windows-amd64)
# No core dump will be written. Minidumps are not enabled by default on client versions of Windows
#

---------------  S U M M A R Y ------------

Command Line: git4idea.http.GitAskPassApp Username for 'https://github.com': 

Host: Intel(R) Core(TM) i5-8265U CPU @ 1.60GHz, 8 cores, 15G,  Windows 11 , 64 bit Build 26100 (10.0.26100.3037)
Time: Fri Feb 14 21:27:08 2025 Sri Lanka Standard Time elapsed time: 0.060844 seconds (0d 0h 0m 0s)

---------------  T H R E A D  ---------------

Current thread (0x00000176cba11c10):  JavaThread "Unknown thread" [_thread_in_vm, id=13640, stack(0x0000000e27000000,0x0000000e27100000) (1024K)]

Stack: [0x0000000e27000000,0x0000000e27100000]
Native frames: (J=compiled Java code, j=interpreted, Vv=VM code, C=native code)
V  [jvm.dll+0x6ce539]
V  [jvm.dll+0x85bf03]
V  [jvm.dll+0x85e45e]
V  [jvm.dll+0x85eb43]
V  [jvm.dll+0x27dd06]
V  [jvm.dll+0x6cada5]
V  [jvm.dll+0x6bf27a]
V  [jvm.dll+0x3541fb]
V  [jvm.dll+0x35be36]
V  [jvm.dll+0x3adbc6]
V  [jvm.dll+0x3ade98]
V  [jvm.dll+0x32691c]
V  [jvm.dll+0x32760b]
V  [jvm.dll+0x823959]
V  [jvm.dll+0x3bacf8]
V  [jvm.dll+0x80cd58]
V  [jvm.dll+0x44ef2e]
V  [jvm.dll+0x450691]
C  [jli.dll+0x52ab]
C  [ucrtbase.dll+0x37b0]
C  [KERNEL32.DLL+0x2e8d7]
C  [ntdll.dll+0xbbf2c]


---------------  P R O C E S S  ---------------

Threads class SMR info:
_java_thread_list=0x00007ff8ecd1a808, length=0, elements={
}

Java Threads: ( => current thread )
Total: 0

Other Threads:
  0x00000176cdd5ebd0 WorkerThread "GC Thread#0"                     [id=14548, stack(0x0000000e27100000,0x0000000e27200000) (1024K)]
  0x00000176cdd6f970 ConcurrentGCThread "G1 Main Marker"            [id=11052, stack(0x0000000e27200000,0x0000000e27300000) (1024K)]
  0x00000176cdd712b0 WorkerThread "G1 Conc#0"                       [id=2860, stack(0x0000000e27300000,0x0000000e27400000) (1024K)]

[error occurred during error reporting (printing all threads), id 0xc0000005, EXCEPTION_ACCESS_VIOLATION (0xc0000005) at pc=0x00007ff8ec519957]
VM state: not at safepoint (not fully initialized)

VM Mutex/Monitor currently owned by a thread:  ([mutex/lock_event])
[0x00007ff8ecd873f8] Heap_lock - owner thread: 0x00000176cba11c10

Heap address: 0x0000000702400000, size: 4060 MB, Compressed Oops mode: Zero based, Oop shift amount: 3

CDS archive(s) mapped at: [0x0000000000000000-0x0000000000000000-0x0000000000000000), size 0, SharedBaseAddress: 0x0000000800000000, ArchiveRelocationMode: 1.
Narrow klass base: 0x0000000000000000, Narrow klass shift: 0, Narrow klass range: 0x0

GC Precious Log:
 CardTable entry size: 512
 Card Set container configuration: InlinePtr #cards 4 size 8 Array Of Cards #cards 16 size 48 Howl #buckets 8 coarsen threshold 3686 Howl Bitmap #cards 512 size 80 coarsen threshold 460 Card regions per heap region 1 cards per card region 4096

Heap:
 garbage-first heap   total 0K, used 0K [0x0000000702400000, 0x0000000800000000)
  region size 2048K, 0 young (0K), 0 survivors (0K)
 Metaspace       used 0K, committed 0K, reserved 0K
  class space    used 0K, committed 0K, reserved 0K

Heap Regions: E=young(eden), S=young(survivor), O=old, HS=humongous(starts), HC=humongous(continues), CS=collection set, F=free, TAMS=top-at-mark-start, PB=parsable bottom

Card table byte_map: [0x00000176e0970000,0x00000176e1160000] _byte_map_base: 0x00000176dd15e000

Marking Bits: (CMBitMap*) 0x00000176cdd5f2d0
 Bits: [0x00000176e1160000, 0x00000176e50d0000)

GC Heap History (0 events):
No events

Dll operation events (1 events):
Event: 0.011 Loaded shared library D:\Software\Android Studio\jbr\bin\java.dll

Deoptimization events (0 events):
No events

Classes loaded (0 events):
No events

Classes unloaded (0 events):
No events

Classes redefined (0 events):
No events

Internal exceptions (0 events):
No events

ZGC Phase Switch (0 events):
No events

VM Operations (0 events):
No events

Memory protections (0 events):
No events

Nmethod flushes (0 events):
No events

Events (0 events):
No events


Dynamic libraries:
0x00007ff6d9850000 - 0x00007ff6d985a000 	D:\Software\Android Studio\jbr\bin\java.exe
0x00007ff966c80000 - 0x00007ff966ee3000 	C:\WINDOWS\SYSTEM32\ntdll.dll
0x00007ff964ff0000 - 0x00007ff9650b7000 	C:\WINDOWS\System32\KERNEL32.DLL
0x00007ff964020000 - 0x00007ff9643e7000 	C:\WINDOWS\System32\KERNELBASE.dll
0x00007ff964650000 - 0x00007ff96479c000 	C:\WINDOWS\System32\ucrtbase.dll
0x00007ff95d010000 - 0x00007ff95d028000 	D:\Software\Android Studio\jbr\bin\jli.dll
0x00007ff950820000 - 0x00007ff95083b000 	D:\Software\Android Studio\jbr\bin\VCRUNTIME140.dll
0x00007ff9668c0000 - 0x00007ff966a89000 	C:\WINDOWS\System32\USER32.dll
0x00007ff941420000 - 0x00007ff9416b0000 	C:\WINDOWS\WinSxS\amd64_microsoft.windows.common-controls_6595b64144ccf1df_6.0.26100.3037_none_3e09262ce333c378\COMCTL32.dll
0x00007ff964a90000 - 0x00007ff964ab7000 	C:\WINDOWS\System32\win32u.dll
0x00007ff964b70000 - 0x00007ff964c19000 	C:\WINDOWS\System32\msvcrt.dll
0x00007ff966380000 - 0x00007ff9663aa000 	C:\WINDOWS\System32\GDI32.dll
0x00007ff964520000 - 0x00007ff96464b000 	C:\WINDOWS\System32\gdi32full.dll
0x00007ff9649e0000 - 0x00007ff964a83000 	C:\WINDOWS\System32\msvcp_win.dll
0x00007ff966a90000 - 0x00007ff966abf000 	C:\WINDOWS\System32\IMM32.DLL
0x00007ff954d70000 - 0x00007ff954d7c000 	D:\Software\Android Studio\jbr\bin\vcruntime140_1.dll
0x00007ff93cbd0000 - 0x00007ff93cc5d000 	D:\Software\Android Studio\jbr\bin\msvcp140.dll
0x00007ff8ec1e0000 - 0x00007ff8ece63000 	D:\Software\Android Studio\jbr\bin\server\jvm.dll
0x00007ff965a50000 - 0x00007ff965b04000 	C:\WINDOWS\System32\ADVAPI32.dll
0x00007ff966720000 - 0x00007ff9667c6000 	C:\WINDOWS\System32\sechost.dll
0x00007ff966190000 - 0x00007ff9662a6000 	C:\WINDOWS\System32\RPCRT4.dll
0x00007ff964ac0000 - 0x00007ff964b34000 	C:\WINDOWS\System32\WS2_32.dll
0x00007ff963eb0000 - 0x00007ff963efe000 	C:\WINDOWS\SYSTEM32\POWRPROF.dll
0x00007ff94bc70000 - 0x00007ff94bc7b000 	C:\WINDOWS\SYSTEM32\VERSION.dll
0x00007ff94a870000 - 0x00007ff94a8a6000 	C:\WINDOWS\SYSTEM32\WINMM.dll
0x00007ff963e90000 - 0x00007ff963ea4000 	C:\WINDOWS\SYSTEM32\UMPDC.dll
0x00007ff962e10000 - 0x00007ff962e2a000 	C:\WINDOWS\SYSTEM32\kernel.appcore.dll
0x00007ff954d40000 - 0x00007ff954d4a000 	D:\Software\Android Studio\jbr\bin\jimage.dll
0x00007ff961aa0000 - 0x00007ff961ce1000 	C:\WINDOWS\SYSTEM32\DBGHELP.DLL
0x00007ff964c20000 - 0x00007ff964f9e000 	C:\WINDOWS\System32\combase.dll
0x00007ff965880000 - 0x00007ff965956000 	C:\WINDOWS\System32\OLEAUT32.dll
0x00007ff934320000 - 0x00007ff934359000 	C:\WINDOWS\SYSTEM32\dbgcore.DLL
0x00007ff9643f0000 - 0x00007ff964489000 	C:\WINDOWS\System32\bcryptPrimitives.dll
0x00007ff9505c0000 - 0x00007ff9505e0000 	D:\Software\Android Studio\jbr\bin\java.dll

dbghelp: loaded successfully - version: 4.0.5 - missing functions: none
symbol engine: initialized successfully - sym options: 0x614 - pdb path: .;D:\Software\Android Studio\jbr\bin;C:\WINDOWS\SYSTEM32;C:\WINDOWS\WinSxS\amd64_microsoft.windows.common-controls_6595b64144ccf1df_6.0.26100.3037_none_3e09262ce333c378;D:\Software\Android Studio\jbr\bin\server

VM Arguments:
java_command: git4idea.http.GitAskPassApp Username for 'https://github.com': 
java_class_path (initial): D:/Software/Android Studio/plugins/vcs-git/lib/git4idea-rt.jar;D:/Software/Android Studio/lib/externalProcess-rt.jar
Launcher Type: SUN_STANDARD

[Global flags]
     intx CICompilerCount                          = 4                                         {product} {ergonomic}
     uint ConcGCThreads                            = 2                                         {product} {ergonomic}
     uint G1ConcRefinementThreads                  = 8                                         {product} {ergonomic}
   size_t G1HeapRegionSize                         = 2097152                                   {product} {ergonomic}
    uintx GCDrainStackTargetSize                   = 64                                        {product} {ergonomic}
   size_t InitialHeapSize                          = 266338304                                 {product} {ergonomic}
   size_t MarkStackSize                            = 4194304                                   {product} {ergonomic}
   size_t MaxHeapSize                              = 4257218560                                {product} {ergonomic}
   size_t MinHeapDeltaBytes                        = 2097152                                   {product} {ergonomic}
   size_t MinHeapSize                              = 8388608                                   {product} {ergonomic}
    uintx NonNMethodCodeHeapSize                   = 5839372                                {pd product} {ergonomic}
    uintx NonProfiledCodeHeapSize                  = 122909434                              {pd product} {ergonomic}
    uintx ProfiledCodeHeapSize                     = 122909434                              {pd product} {ergonomic}
    uintx ReservedCodeCacheSize                    = 251658240                              {pd product} {ergonomic}
     bool SegmentedCodeCache                       = true                                      {product} {ergonomic}
   size_t SoftMaxHeapSize                          = 4257218560                             {manageable} {ergonomic}
     bool UseCompressedOops                        = true                           {product lp64_product} {ergonomic}
     bool UseG1GC                                  = true                                      {product} {ergonomic}
     bool UseLargePagesIndividualAllocation        = false                                  {pd product} {ergonomic}

Logging:
Log output configuration:
 #0: stdout all=warning uptime,level,tags foldmultilines=false
 #1: stderr all=off uptime,level,tags foldmultilines=false

Environment Variables:
PATH=C:\Program Files\Git\mingw64\libexec\git-core;C:\Program Files\Git\mingw64\libexec\git-core;C:\Program Files\Git\mingw64\bin;C:\Program Files\Git\usr\bin;C:\Users\cheth\bin;C:\Program Files (x86)\VMware\VMware Workstation\bin;C:\WINDOWS\system32;C:\WINDOWS;C:\WINDOWS\System32\Wbem;C:\WINDOWS\System32\WindowsPowerShell\v1.0;C:\WINDOWS\System32\OpenSSH;C:\Program Files\Git\cmd;C:\Program Files\nodejs;C:\Users\cheth\AppData\Roaming\npm;C:\Users\cheth\AppData\Local\Microsoft\WindowsApps;D:\Program Files\Microsoft VS Code\bin
USERNAME=cheth
DISPLAY=:0.0
LC_ALL=en_US.UTF-8
TERM=xterm-256color
TMPDIR=C:\Users\cheth\AppData\Local\Temp
OS=Windows_NT
PROCESSOR_IDENTIFIER=Intel64 Family 6 Model 142 Stepping 11, GenuineIntel
TMP=C:\Users\cheth\AppData\Local\Temp
TEMP=C:\Users\cheth\AppData\Local\Temp




Periodic native trim disabled

JNI global refs:
JNI global refs: 0, weak refs: 0

JNI global refs memory usage: 0, weak refs: 0

Process memory usage:
Resident Set Size: 12736K (0% of 16621780K total physical memory with 634900K free physical memory)

OOME stack traces (most recent first):
Classloader memory used:

---------------  S Y S T E M  ---------------

OS:
 Windows 11 , 64 bit Build 26100 (10.0.26100.3037)
OS uptime: 0 days 18:17 hours
Hyper-V role detected

CPU: total 8 (initial active 8) (4 cores per cpu, 2 threads per core) family 6 model 142 stepping 11 microcode 0xf4, cx8, cmov, fxsr, ht, mmx, 3dnowpref, sse, sse2, sse3, ssse3, sse4.1, sse4.2, popcnt, lzcnt, tsc, tscinvbit, avx, avx2, aes, erms, clmul, bmi1, bmi2, adx, fma, vzeroupper, clflush, clflushopt, hv, rdtscp, f16c
Processor Information for all 8 processors :
  Max Mhz: 1801, Current Mhz: 1801, Mhz Limit: 1801

Memory: 4k page, system-wide physical 16232M (620M free)
TotalPageFile size 30230M (AvailPageFile size 133M)
current process WorkingSet (physical memory assigned to process): 12M, peak: 12M
current process commit charge ("private bytes"): 60M, peak: 314M

vm_info: OpenJDK 64-Bit Server VM (21.0.4+-12508038-b607.1) for windows-amd64 JRE (21.0.4+-12508038-b607.1), built on 2024-10-16T17:23:34Z by "builder" with MS VC++ 16.10 / 16.11 (VS2019)

END.
